#
# There is insufficient memory for the Java Runtime Environment to continue.
# Native memory allocation (malloc) failed to allocate 1048576 bytes. Error detail: AllocateHeap
# Possible reasons:
#   The system is out of physical RAM or swap space
#   This process is running with CompressedOops enabled, and the Java Heap may be blocking the growth of the native heap
# Possible solutions:
#   Reduce memory load on the system
#   Increase physical memory or swap space
#   Check if swap backing store is full
#   Decrease Java heap size (-Xmx/-Xms)
#   Decrease number of Java threads
#   Decrease Java thread stack sizes (-Xss)
#   Set larger code cache with -XX:ReservedCodeCacheSize=
#   JVM is running with Unscaled Compressed Oops mode in which the Java heap is
#     placed in the first 4GB address space. The Java Heap base address is the
#     maximum limit for the native heap growth. Please use -XX:HeapBaseMinAddress
#     to set the Java Heap base and to place the Java Heap above 4GB virtual address.
# This output file may be truncated or incomplete.
#
#  Out of Memory Error (allocation.cpp:44), pid=27848, tid=21444
#
# JRE version:  (17.0.11) (build )
# Java VM: OpenJDK 64-Bit Server VM (17.0.11+0--11852314, mixed mode, sharing, tiered, compressed oops, compressed class ptrs, g1 gc, windows-amd64)
# No core dump will be written. Minidumps are not enabled by default on client versions of Windows
#

---------------  S U M M A R Y ------------

Command Line: 

Host: Intel(R) Core(TM) i7-10750H CPU @ 2.60GHz, 12 cores, 15G,  Windows 11 , 64 bit Build 26100 (10.0.26100.2454)
Time: Tue Dec  3 11:49:59 2024 Hora verano Sudamérica Pacífico elapsed time: 0.009766 seconds (0d 0h 0m 0s)

---------------  T H R E A D  ---------------

Current thread (0x000001d23a5edd40):  JavaThread "Unknown thread" [_thread_in_vm, id=21444, stack(0x000000955fc00000,0x000000955fd00000)]

Stack: [0x000000955fc00000,0x000000955fd00000]
Native frames: (J=compiled Java code, j=interpreted, Vv=VM code, C=native code)
V  [jvm.dll+0x687bb9]
V  [jvm.dll+0x84142a]
V  [jvm.dll+0x8430ae]
V  [jvm.dll+0x843713]
V  [jvm.dll+0x24a35f]
V  [jvm.dll+0xa6cc3]
V  [jvm.dll+0x2dc984]
V  [jvm.dll+0x811eec]
V  [jvm.dll+0x36fb68]
V  [jvm.dll+0x7f0896]
V  [jvm.dll+0x3f3d2f]
V  [jvm.dll+0x3f58e1]
C  [jli.dll+0x528f]
C  [ucrtbase.dll+0x14ea0]
C  [KERNEL32.DLL+0x2e8d7]
C  [ntdll.dll+0xdfbcc]


---------------  P R O C E S S  ---------------

Threads class SMR info:
_java_thread_list=0x00007fff7cddefd8, length=0, elements={
}

Java Threads: ( => current thread )

Other Threads:

=>0x000001d23a5edd40 (exited) JavaThread "Unknown thread" [_thread_in_vm, id=21444, stack(0x000000955fc00000,0x000000955fd00000)]

Threads with active compile tasks:

VM state: not at safepoint (not fully initialized)

VM Mutex/Monitor currently owned by a thread: None

Heap address: 0x0000000000000000, size: 0 MB, Compressed Oops mode: 32-bit

CDS archive(s) mapped at: [0x0000000000000000-0x0000000000000000-0x0000000000000000), size 0, SharedBaseAddress: 0x0000000800000000, ArchiveRelocationMode: 1.
Narrow klass base: 0x0000000000000000, Narrow klass shift: 0, Narrow klass range: 0x0

GC Precious Log:
<Empty>

GC Heap History (0 events):
No events

Dll operation events (1 events):
Event: 0.007 Loaded shared library C:\Program Files\Android\Android Studio\jbr\bin\java.dll

Deoptimization events (0 events):
No events

Classes unloaded (0 events):
No events

Classes redefined (0 events):
No events

Internal exceptions (0 events):
No events

VM Operations (0 events):
No events

Events (0 events):
No events


Dynamic libraries:
0x00007ff72bb40000 - 0x00007ff72bb4a000 	C:\Program Files\Android\Android Studio\jbr\bin\java.EXE
0x00007ff8401a0000 - 0x00007ff840403000 	C:\WINDOWS\SYSTEM32\ntdll.dll
0x00007ff83e7b0000 - 0x00007ff83e878000 	C:\WINDOWS\System32\KERNEL32.DLL
0x00007ff83d570000 - 0x00007ff83d922000 	C:\WINDOWS\System32\KERNELBASE.dll
0x00007ff83dcf0000 - 0x00007ff83de3b000 	C:\WINDOWS\System32\ucrtbase.dll
0x00007ff82e860000 - 0x00007ff82e877000 	C:\Program Files\Android\Android Studio\jbr\bin\jli.dll
0x00007ffff0f90000 - 0x00007ffff0fab000 	C:\Program Files\Android\Android Studio\jbr\bin\VCRUNTIME140.dll
0x00007ff83f460000 - 0x00007ff83f628000 	C:\WINDOWS\System32\USER32.dll
0x00007ff83d9e0000 - 0x00007ff83da07000 	C:\WINDOWS\System32\win32u.dll
0x00007ff814320000 - 0x00007ff8145b0000 	C:\WINDOWS\WinSxS\amd64_microsoft.windows.common-controls_6595b64144ccf1df_6.0.26100.2454_none_3e0b68a2e331ad60\COMCTL32.dll
0x00007ff83e1a0000 - 0x00007ff83e1ca000 	C:\WINDOWS\System32\GDI32.dll
0x00007ff83e0e0000 - 0x00007ff83e189000 	C:\WINDOWS\System32\msvcrt.dll
0x00007ff83ded0000 - 0x00007ff83dffb000 	C:\WINDOWS\System32\gdi32full.dll
0x00007ff83d930000 - 0x00007ff83d9d3000 	C:\WINDOWS\System32\msvcp_win.dll
0x00007ff83eac0000 - 0x00007ff83eaef000 	C:\WINDOWS\System32\IMM32.DLL
0x00007ff806e80000 - 0x00007ff806e8c000 	C:\Program Files\Android\Android Studio\jbr\bin\vcruntime140_1.dll
0x00007fffa31a0000 - 0x00007fffa322d000 	C:\Program Files\Android\Android Studio\jbr\bin\msvcp140.dll
0x00007fff7c2a0000 - 0x00007fff7cf23000 	C:\Program Files\Android\Android Studio\jbr\bin\server\jvm.dll
0x00007ff83f990000 - 0x00007ff83fa44000 	C:\WINDOWS\System32\ADVAPI32.dll
0x00007ff83f630000 - 0x00007ff83f6d6000 	C:\WINDOWS\System32\sechost.dll
0x00007ff83f6e0000 - 0x00007ff83f7f6000 	C:\WINDOWS\System32\RPCRT4.dll
0x00007ff8102c0000 - 0x00007ff8102ca000 	C:\WINDOWS\SYSTEM32\WSOCK32.dll
0x00007ff837b50000 - 0x00007ff837b86000 	C:\WINDOWS\SYSTEM32\WINMM.dll
0x00007ff8385b0000 - 0x00007ff8385bb000 	C:\WINDOWS\SYSTEM32\VERSION.dll
0x00007ff83e700000 - 0x00007ff83e774000 	C:\WINDOWS\System32\WS2_32.dll
0x00007ff83c580000 - 0x00007ff83c5ce000 	C:\WINDOWS\SYSTEM32\POWRPROF.dll
0x00007ff83c560000 - 0x00007ff83c574000 	C:\WINDOWS\SYSTEM32\UMPDC.dll
0x00007ff83c420000 - 0x00007ff83c43a000 	C:\WINDOWS\SYSTEM32\kernel.appcore.dll
0x00007ff806c30000 - 0x00007ff806c3a000 	C:\Program Files\Android\Android Studio\jbr\bin\jimage.dll
0x00007ff83ad40000 - 0x00007ff83af81000 	C:\WINDOWS\SYSTEM32\DBGHELP.DLL
0x00007ff83e370000 - 0x00007ff83e6ee000 	C:\WINDOWS\System32\combase.dll
0x00007ff83ebf0000 - 0x00007ff83ecc6000 	C:\WINDOWS\System32\OLEAUT32.dll
0x00007ff82dc20000 - 0x00007ff82dc59000 	C:\WINDOWS\SYSTEM32\dbgcore.DLL
0x00007ff83dc50000 - 0x00007ff83dce9000 	C:\WINDOWS\System32\bcryptPrimitives.dll
0x00007ffff0a00000 - 0x00007ffff0a25000 	C:\Program Files\Android\Android Studio\jbr\bin\java.dll

dbghelp: loaded successfully - version: 4.0.5 - missing functions: none
symbol engine: initialized successfully - sym options: 0x614 - pdb path: .;C:\Program Files\Android\Android Studio\jbr\bin;C:\WINDOWS\SYSTEM32;C:\WINDOWS\WinSxS\amd64_microsoft.windows.common-controls_6595b64144ccf1df_6.0.26100.2454_none_3e0b68a2e331ad60;C:\Program Files\Android\Android Studio\jbr\bin\server

VM Arguments:
java_command: <unknown>
java_class_path (initial): <not set>
Launcher Type: SUN_STANDARD

[Global flags]
     intx CICompilerCount                          = 4                                         {product} {ergonomic}
     uint ConcGCThreads                            = 3                                         {product} {ergonomic}
     uint G1ConcRefinementThreads                  = 10                                        {product} {ergonomic}
   size_t G1HeapRegionSize                         = 2097152                                   {product} {ergonomic}
    uintx GCDrainStackTargetSize                   = 64                                        {product} {ergonomic}
   size_t InitialHeapSize                          = 266338304                                 {product} {ergonomic}
   size_t MarkStackSize                            = 4194304                                   {product} {ergonomic}
   size_t MaxHeapSize                              = 4250927104                                {product} {ergonomic}
   size_t MinHeapDeltaBytes                        = 2097152                                   {product} {ergonomic}
   size_t MinHeapSize                              = 8388608                                   {product} {ergonomic}
    uintx NonNMethodCodeHeapSize                   = 5839372                                {pd product} {ergonomic}
    uintx NonProfiledCodeHeapSize                  = 122909434                              {pd product} {ergonomic}
    uintx ProfiledCodeHeapSize                     = 122909434                              {pd product} {ergonomic}
    uintx ReservedCodeCacheSize                    = 251658240                              {pd product} {ergonomic}
     bool SegmentedCodeCache                       = true                                      {product} {ergonomic}
   size_t SoftMaxHeapSize                          = 4250927104                             {manageable} {ergonomic}
     bool UseCompressedClassPointers               = true                           {product lp64_product} {ergonomic}
     bool UseCompressedOops                        = true                           {product lp64_product} {ergonomic}
     bool UseG1GC                                  = true                                      {product} {ergonomic}
     bool UseLargePagesIndividualAllocation        = false                                  {pd product} {ergonomic}

Logging:
Log output configuration:
 #0: stdout all=warning uptime,level,tags
 #1: stderr all=off uptime,level,tags

Environment Variables:
JAVA_HOME=C:\Program Files\Java
PATH=C:\Python312\Scripts\;C:\Python312\;C:\Program Files\Common Files\Oracle\Java\javapath;C:\Windows\system32;C:\Windows;C:\Windows\System32\Wbem;C:\Windows\System32\WindowsPowerShell\v1.0\;C:\Windows\System32\OpenSSH\;C:\Program Files (x86)\NVIDIA Corporation\PhysX\Common;C:\Program Files\NVIDIA Corporation\NVIDIA NvDLISR;C:\WINDOWS\system32;C:\WINDOWS;C:\WINDOWS\System32\Wbem;C:\WINDOWS\System32\WindowsPowerShell\v1.0\;C:\WINDOWS\System32\OpenSSH\;C:\Program Files\dotnet\;C:\Program Files\Git\cmd;C:\Program Files\Microsoft SQL Server\150\Tools\Binn\;C:\Program Files\Microsoft SQL Server\Client SDK\ODBC\170\Tools\Binn\;C:\ProgramData\chocolatey\bin;C:\Users\Acer\AppData\Roaming\nvm;C:\Program Files\nodejs;C:\Program Files\nodejs\;C:\Program Files (x86)\Windows Kits\10\Windows Performance Toolkit\;C:\flutter\bin;C:\windows\system32;C:\Users\Acer\AppData\Local\Programs\Microsoft VS Code\bin;C:\Program Files\PostgreSQL\16\bin;C:\Users\Acer\AppData\Roaming\nvm;C:\Program Files\nodejs;C:\Users\Acer\AppData\Roaming\npm;C:\Users\Acer\Dropbox\Mi PC (LAPTOP-HH5R2MT0)\Desktop\FLUTTER\flutter\bin;C:\Users\Acer\.dotnet\tools;C:\Users\Acer\AppData\Local\Microsoft\WindowsApps;;C:\flutter\bin\mingit\cmd;C:\flutter\bin\mingit\cmd
USERNAME=Acer
OS=Windows_NT
PROCESSOR_IDENTIFIER=Intel64 Family 6 Model 165 Stepping 2, GenuineIntel
TMP=C:\Users\Acer\AppData\Local\Temp
TEMP=C:\Users\Acer\AppData\Local\Temp



Periodic native trim disabled

JNI global refs:
JNI global refs: 0, weak refs: 0

JNI global refs memory usage: 0, weak refs: 0

Process memory usage:
Resident Set Size: 12132K (0% of 16604212K total physical memory with 2086604K free physical memory)

OOME stack traces (most recent first):
Classloader memory used:


---------------  S Y S T E M  ---------------

OS:
 Windows 11 , 64 bit Build 26100 (10.0.26100.2454)
OS uptime: 6 days 5:15 hours

CPU: total 12 (initial active 12) (6 cores per cpu, 2 threads per core) family 6 model 165 stepping 2 microcode 0xe2, cx8, cmov, fxsr, ht, mmx, 3dnowpref, sse, sse2, sse3, ssse3, sse4.1, sse4.2, popcnt, lzcnt, tsc, tscinvbit, avx, avx2, aes, erms, clmul, bmi1, bmi2, adx, fma, vzeroupper, clflush, clflushopt
Processor Information for all 12 processors :
  Max Mhz: 2592, Current Mhz: 2592, Mhz Limit: 2592

Memory: 4k page, system-wide physical 16215M (2037M free)
TotalPageFile size 21918M (AvailPageFile size 3M)
current process WorkingSet (physical memory assigned to process): 11M, peak: 11M
current process commit charge ("private bytes"): 14M, peak: 15M

vm_info: OpenJDK 64-Bit Server VM (17.0.11+0--11852314) for windows-amd64 JRE (17.0.11+0--11852314), built on May 16 2024 21:29:20 by "androidbuild" with MS VC++ 16.10 / 16.11 (VS2019)

END.
